<?xml version="1.0" encoding="UTF-8"?>
<!-- Generated by org.testng.reporters.JUnitReportReporter -->
<testsuite hostname="Lenovo-B490" name="test_main.Test02" tests="1" failures="0" timestamp="11 Oct 2014 07:04:22 GMT" time="36.677" errors="0">
  <testcase name="testLink" time="36.677" classname="test_main.Test02"/>
</testsuite> <!-- test_main.Test02 -->
